[
  {
    "level": "INFO",
    "message": "android.ndkVersion from module build.gradle is 16.1.4479499"
  },
  {
    "level": "INFO",
    "message": "ndk.dir in local.properties is not set"
  },
  {
    "level": "INFO",
    "message": "ANDROID_NDK_HOME environment variable is not set"
  },
  {
    "level": "INFO",
    "message": "sdkFolder is /Users/su/Library/Android/sdk"
  },
  {
    "level": "INFO",
    "message": "Considering /Users/su/Library/Android/sdk/ndk-bundle in SDK ndk-bundle folder"
  },
  {
    "level": "INFO",
    "message": "Considering /Users/su/Library/Android/sdk/ndk/24.0.8215888 in SDK ndk folder"
  },
  {
    "level": "INFO",
    "message": "Considering /Users/su/Library/Android/sdk/ndk/21.4.7075529 in SDK ndk folder"
  },
  {
    "level": "INFO",
    "message": "Considering /Users/su/Library/Android/sdk/ndk/16.1.4479499 in SDK ndk folder"
  },
  {
    "level": "INFO",
    "message": "Considering /Users/su/Library/Android/sdk/ndk/23.0.7599858 in SDK ndk folder"
  },
  {
    "level": "INFO",
    "message": "Found requested NDK version 16.1.4479499 at /Users/su/Library/Android/sdk/ndk/16.1.4479499"
  }
]